# JRE version: OpenJDK Runtime Environment OpenLogic-OpenJDK (17.0.14+7) (build 17.0.14+7-adhoc..jdk17u)
# Java VM: OpenJDK 64-Bit Server VM OpenLogic-OpenJDK (17.0.14+7-adhoc..jdk17u, mixed mode, sharing, tiered, compressed oops, compressed class ptrs, g1 gc, windows-amd64)
GC Precious Log:
 CPUs: 8 total, 8 available
 Memory: 16190M
 Large Page Support: Disabled
 NUMA Support: Disabled
 Compressed Oops: Enabled (32-bit)
 Heap Region Size: 1M
 Heap Min Capacity: 8M
 Heap Initial Capacity: 254M
 Heap Max Capacity: 2G
 Pre-touch: Disabled
 Parallel Workers: 8
 Concurrent Workers: 2
 Concurrent Refinement Workers: 8
 Periodic GC: Disabled
Heap:
 garbage-first heap   total 240640K, used 149107K [0x0000000080000000, 0x0000000100000000)
  region size 1024K, 9 young (9216K), 6 survivors (6144K)
 Metaspace       used 99119K, committed 99904K, reserved 1179648K
  class space    used 13437K, committed 13824K, reserved 1048576K
GC Heap History (20 events):
Event: 63.197 GC heap after
{Heap after GC invocations=41 (full 0):
 garbage-first heap   total 227328K, used 122641K [0x0000000080000000, 0x0000000100000000)
  region size 1024K, 6 young (6144K), 6 survivors (6144K)
 Metaspace       used 90903K, committed 91584K, reserved 1179648K
  class space    used 12348K, committed 12672K, reserved 1048576K
}
Event: 67.066 GC heap before
{Heap before GC invocations=42 (full 0):
 garbage-first heap   total 227328K, used 185105K [0x0000000080000000, 0x0000000100000000)
  region size 1024K, 67 young (68608K), 6 survivors (6144K)
 Metaspace       used 91362K, committed 92096K, reserved 1179648K
  class space    used 12435K, committed 12800K, reserved 1048576K
}
Event: 67.080 GC heap after
{Heap after GC invocations=43 (full 0):
 garbage-first heap   total 227328K, used 127353K [0x0000000080000000, 0x0000000100000000)
  region size 1024K, 8 young (8192K), 8 survivors (8192K)
 Metaspace       used 91362K, committed 92096K, reserved 1179648K
  class space    used 12435K, committed 12800K, reserved 1048576K
}
Event: 67.199 GC heap before
{Heap before GC invocations=43 (full 0):
 garbage-first heap   total 227328K, used 130425K [0x0000000080000000, 0x0000000100000000)
  region size 1024K, 11 young (11264K), 8 survivors (8192K)
 Metaspace       used 91362K, committed 92096K, reserved 1179648K
  class space    used 12435K, committed 12800K, reserved 1048576K
}
Event: 67.213 GC heap after
{Heap after GC invocations=44 (full 0):
 garbage-first heap   total 227328K, used 125513K [0x0000000080000000, 0x0000000100000000)
  region size 1024K, 2 young (2048K), 2 survivors (2048K)
 Metaspace       used 91362K, committed 92096K, reserved 1179648K
  class space    used 12435K, committed 12800K, reserved 1048576K
}
Event: 68.670 GC heap before
{Heap before GC invocations=44 (full 0):
 garbage-first heap   total 227328K, used 184905K [0x0000000080000000, 0x0000000100000000)
  region size 1024K, 60 young (61440K), 2 survivors (2048K)
 Metaspace       used 91416K, committed 92160K, reserved 1179648K
  class space    used 12439K, committed 12800K, reserved 1048576K
}
Event: 68.682 GC heap after
{Heap after GC invocations=45 (full 0):
 garbage-first heap   total 227328K, used 129263K [0x0000000080000000, 0x0000000100000000)
  region size 1024K, 6 young (6144K), 6 survivors (6144K)
 Metaspace       used 91416K, committed 92160K, reserved 1179648K
  class space    used 12439K, committed 12800K, reserved 1048576K
}
Event: 70.134 GC heap before
{Heap before GC invocations=45 (full 0):
 garbage-first heap   total 227328K, used 184559K [0x0000000080000000, 0x0000000100000000)
  region size 1024K, 61 young (62464K), 6 survivors (6144K)
 Metaspace       used 91499K, committed 92288K, reserved 1179648K
  class space    used 12449K, committed 12800K, reserved 1048576K
}
Event: 70.144 GC heap after
{Heap after GC invocations=46 (full 0):
 garbage-first heap   total 227328K, used 131138K [0x0000000080000000, 0x0000000100000000)
  region size 1024K, 5 young (5120K), 5 survivors (5120K)
 Metaspace       used 91499K, committed 92288K, reserved 1179648K
  class space    used 12449K, committed 12800K, reserved 1048576K
}
Event: 71.432 GC heap before
{Heap before GC invocations=46 (full 0):
 garbage-first heap   total 227328K, used 185410K [0x0000000080000000, 0x0000000100000000)
  region size 1024K, 59 young (60416K), 5 survivors (5120K)
 Metaspace       used 91659K, committed 92416K, reserved 1179648K
  class space    used 12470K, committed 12864K, reserved 1048576K
}
Event: 71.444 GC heap after
{Heap after GC invocations=47 (full 0):
 garbage-first heap   total 227328K, used 134622K [0x0000000080000000, 0x0000000100000000)
  region size 1024K, 7 young (7168K), 7 survivors (7168K)
 Metaspace       used 91659K, committed 92416K, reserved 1179648K
  class space    used 12470K, committed 12864K, reserved 1048576K
}
Event: 77.245 GC heap before
{Heap before GC invocations=47 (full 0):
 garbage-first heap   total 227328K, used 184798K [0x0000000080000000, 0x0000000100000000)
  region size 1024K, 57 young (58368K), 7 survivors (7168K)
 Metaspace       used 92957K, committed 93696K, reserved 1179648K
  class space    used 12657K, committed 12992K, reserved 1048576K
}
Event: 77.256 GC heap after
{Heap after GC invocations=48 (full 0):
 garbage-first heap   total 227328K, used 136312K [0x0000000080000000, 0x0000000100000000)
  region size 1024K, 5 young (5120K), 5 survivors (5120K)
 Metaspace       used 92957K, committed 93696K, reserved 1179648K
  class space    used 12657K, committed 12992K, reserved 1048576K
}
Event: 79.549 GC heap before
{Heap before GC invocations=48 (full 0):
 garbage-first heap   total 227328K, used 185464K [0x0000000080000000, 0x0000000100000000)
  region size 1024K, 54 young (55296K), 5 survivors (5120K)
 Metaspace       used 98233K, committed 99008K, reserved 1179648K
  class space    used 13296K, committed 13696K, reserved 1048576K
}
Event: 79.561 GC heap after
{Heap after GC invocations=49 (full 0):
 garbage-first heap   total 227328K, used 139583K [0x0000000080000000, 0x0000000100000000)
  region size 1024K, 4 young (4096K), 4 survivors (4096K)
 Metaspace       used 98233K, committed 99008K, reserved 1179648K
  class space    used 13296K, committed 13696K, reserved 1048576K
}
Event: 81.049 GC heap before
{Heap before GC invocations=50 (full 0):
 garbage-first heap   total 240640K, used 186687K [0x0000000080000000, 0x0000000100000000)
  region size 1024K, 51 young (52224K), 4 survivors (4096K)
 Metaspace       used 99072K, committed 99840K, reserved 1179648K
  class space    used 13431K, committed 13824K, reserved 1048576K
}
Event: 81.066 GC heap after
{Heap after GC invocations=51 (full 0):
 garbage-first heap   total 240640K, used 144820K [0x0000000080000000, 0x0000000100000000)
  region size 1024K, 7 young (7168K), 7 survivors (7168K)
 Metaspace       used 99072K, committed 99840K, reserved 1179648K
  class space    used 13431K, committed 13824K, reserved 1048576K
}
Event: 81.376 GC heap before
{Heap before GC invocations=51 (full 0):
 garbage-first heap   total 240640K, used 147892K [0x0000000080000000, 0x0000000100000000)
  region size 1024K, 11 young (11264K), 7 survivors (7168K)
 Metaspace       used 99072K, committed 99840K, reserved 1179648K
  class space    used 13431K, committed 13824K, reserved 1048576K
}
Event: 81.393 GC heap after
{Heap after GC invocations=52 (full 0):
 garbage-first heap   total 240640K, used 143741K [0x0000000080000000, 0x0000000100000000)
  region size 1024K, 2 young (2048K), 2 survivors (2048K)
 Metaspace       used 99072K, committed 99840K, reserved 1179648K
  class space    used 13431K, committed 13824K, reserved 1048576K
}
Event: 83.106 GC heap before
{Heap before GC invocations=52 (full 0):
 garbage-first heap   total 240640K, used 198013K [0x0000000080000000, 0x0000000100000000)
  region size 1024K, 56 young (57344K), 2 survivors (2048K)
 Metaspace       used 99119K, committed 99904K, reserved 1179648K
  class space    used 13437K, committed 13824K, reserved 1048576K
}

