# JRE version: OpenJDK Runtime Environment OpenLogic-OpenJDK (17.0.14+7) (build 17.0.14+7-adhoc..jdk17u)
# Java VM: OpenJDK 64-Bit Server VM OpenLogic-OpenJDK (17.0.14+7-adhoc..jdk17u, mixed mode, sharing, tiered, compressed oops, compressed class ptrs, g1 gc, windows-amd64)
GC Precious Log:
 CPUs: 8 total, 8 available
 Memory: 16190M
 Large Page Support: Disabled
 NUMA Support: Disabled
 Compressed Oops: Enabled (32-bit)
 Heap Region Size: 1M
 Heap Min Capacity: 8M
 Heap Initial Capacity: 254M
 Heap Max Capacity: 2G
 Pre-touch: Disabled
 Parallel Workers: 8
 Concurrent Workers: 2
 Concurrent Refinement Workers: 8
 Periodic GC: Disabled
Heap:
 garbage-first heap   total 181248K, used 120872K [0x0000000080000000, 0x0000000100000000)
  region size 1024K, 16 young (16384K), 1 survivors (1024K)
 Metaspace       used 81681K, committed 82368K, reserved 1179648K
  class space    used 11208K, committed 11520K, reserved 1048576K
GC Heap History (20 events):
Event: 51.872 GC heap before
{Heap before GC invocations=29 (full 0):
 garbage-first heap   total 178176K, used 135123K [0x0000000080000000, 0x0000000100000000)
  region size 1024K, 57 young (58368K), 1 survivors (1024K)
 Metaspace       used 56021K, committed 56576K, reserved 1114112K
  class space    used 7596K, committed 7872K, reserved 1048576K
}
Event: 51.877 GC heap after
{Heap after GC invocations=30 (full 0):
 garbage-first heap   total 178176K, used 78775K [0x0000000080000000, 0x0000000100000000)
  region size 1024K, 2 young (2048K), 2 survivors (2048K)
 Metaspace       used 56021K, committed 56576K, reserved 1114112K
  class space    used 7596K, committed 7872K, reserved 1048576K
}
Event: 55.069 GC heap before
{Heap before GC invocations=30 (full 0):
 garbage-first heap   total 178176K, used 143287K [0x0000000080000000, 0x0000000100000000)
  region size 1024K, 60 young (61440K), 2 survivors (2048K)
 Metaspace       used 60697K, committed 61312K, reserved 1114112K
  class space    used 8180K, committed 8448K, reserved 1048576K
}
Event: 55.077 GC heap after
{Heap after GC invocations=31 (full 0):
 garbage-first heap   total 178176K, used 85261K [0x0000000080000000, 0x0000000100000000)
  region size 1024K, 8 young (8192K), 8 survivors (8192K)
 Metaspace       used 60697K, committed 61312K, reserved 1114112K
  class space    used 8180K, committed 8448K, reserved 1048576K
}
Event: 58.257 GC heap before
{Heap before GC invocations=31 (full 0):
 garbage-first heap   total 178176K, used 142605K [0x0000000080000000, 0x0000000100000000)
  region size 1024K, 61 young (62464K), 8 survivors (8192K)
 Metaspace       used 66205K, committed 66816K, reserved 1114112K
  class space    used 8852K, committed 9152K, reserved 1048576K
}
Event: 58.269 GC heap after
{Heap after GC invocations=32 (full 0):
 garbage-first heap   total 178176K, used 93292K [0x0000000080000000, 0x0000000100000000)
  region size 1024K, 4 young (4096K), 4 survivors (4096K)
 Metaspace       used 66205K, committed 66816K, reserved 1114112K
  class space    used 8852K, committed 9152K, reserved 1048576K
}
Event: 59.903 GC heap before
{Heap before GC invocations=32 (full 0):
 garbage-first heap   total 178176K, used 142444K [0x0000000080000000, 0x0000000100000000)
  region size 1024K, 53 young (54272K), 4 survivors (4096K)
 Metaspace       used 66926K, committed 67584K, reserved 1114112K
  class space    used 8954K, committed 9280K, reserved 1048576K
}
Event: 59.915 GC heap after
{Heap after GC invocations=33 (full 0):
 garbage-first heap   total 178176K, used 98945K [0x0000000080000000, 0x0000000100000000)
  region size 1024K, 6 young (6144K), 6 survivors (6144K)
 Metaspace       used 66926K, committed 67584K, reserved 1114112K
  class space    used 8954K, committed 9280K, reserved 1048576K
}
Event: 62.515 GC heap before
{Heap before GC invocations=33 (full 0):
 garbage-first heap   total 178176K, used 144001K [0x0000000080000000, 0x0000000100000000)
  region size 1024K, 50 young (51200K), 6 survivors (6144K)
 Metaspace       used 69925K, committed 70592K, reserved 1114112K
  class space    used 9347K, committed 9664K, reserved 1048576K
}
Event: 62.525 GC heap after
{Heap after GC invocations=34 (full 0):
 garbage-first heap   total 178176K, used 100904K [0x0000000080000000, 0x0000000100000000)
  region size 1024K, 2 young (2048K), 2 survivors (2048K)
 Metaspace       used 69925K, committed 70592K, reserved 1114112K
  class space    used 9347K, committed 9664K, reserved 1048576K
}
Event: 64.403 GC heap before
{Heap before GC invocations=34 (full 0):
 garbage-first heap   total 178176K, used 148008K [0x0000000080000000, 0x0000000100000000)
  region size 1024K, 47 young (48128K), 2 survivors (2048K)
 Metaspace       used 73462K, committed 74112K, reserved 1114112K
  class space    used 10004K, committed 10304K, reserved 1048576K
}
Event: 64.410 GC heap after
{Heap after GC invocations=35 (full 0):
 garbage-first heap   total 178176K, used 102110K [0x0000000080000000, 0x0000000100000000)
  region size 1024K, 4 young (4096K), 4 survivors (4096K)
 Metaspace       used 73462K, committed 74112K, reserved 1114112K
  class space    used 10004K, committed 10304K, reserved 1048576K
}
Event: 66.267 GC heap before
{Heap before GC invocations=35 (full 0):
 garbage-first heap   total 178176K, used 148190K [0x0000000080000000, 0x0000000100000000)
  region size 1024K, 49 young (50176K), 4 survivors (4096K)
 Metaspace       used 76713K, committed 77440K, reserved 1179648K
  class space    used 10465K, committed 10816K, reserved 1048576K
}
Event: 66.277 GC heap after
{Heap after GC invocations=36 (full 0):
 garbage-first heap   total 178176K, used 104963K [0x0000000080000000, 0x0000000100000000)
  region size 1024K, 6 young (6144K), 6 survivors (6144K)
 Metaspace       used 76713K, committed 77440K, reserved 1179648K
  class space    used 10465K, committed 10816K, reserved 1048576K
}
Event: 67.739 GC heap before
{Heap before GC invocations=36 (full 0):
 garbage-first heap   total 178176K, used 119299K [0x0000000080000000, 0x0000000100000000)
  region size 1024K, 21 young (21504K), 6 survivors (6144K)
 Metaspace       used 77743K, committed 78400K, reserved 1179648K
  class space    used 10606K, committed 10944K, reserved 1048576K
}
Event: 67.751 GC heap after
{Heap after GC invocations=37 (full 0):
 garbage-first heap   total 178176K, used 106216K [0x0000000080000000, 0x0000000100000000)
  region size 1024K, 5 young (5120K), 5 survivors (5120K)
 Metaspace       used 77743K, committed 78400K, reserved 1179648K
  class space    used 10606K, committed 10944K, reserved 1048576K
}
Event: 70.785 GC heap before
{Heap before GC invocations=38 (full 0):
 garbage-first heap   total 181248K, used 148200K [0x0000000080000000, 0x0000000100000000)
  region size 1024K, 46 young (47104K), 5 survivors (5120K)
 Metaspace       used 80342K, committed 81024K, reserved 1179648K
  class space    used 10999K, committed 11328K, reserved 1048576K
}
Event: 70.797 GC heap after
{Heap after GC invocations=39 (full 0):
 garbage-first heap   total 181248K, used 108550K [0x0000000080000000, 0x0000000100000000)
  region size 1024K, 4 young (4096K), 4 survivors (4096K)
 Metaspace       used 80342K, committed 81024K, reserved 1179648K
  class space    used 10999K, committed 11328K, reserved 1048576K
}
Event: 70.918 GC heap before
{Heap before GC invocations=39 (full 0):
 garbage-first heap   total 181248K, used 112646K [0x0000000080000000, 0x0000000100000000)
  region size 1024K, 8 young (8192K), 4 survivors (4096K)
 Metaspace       used 80570K, committed 81216K, reserved 1179648K
  class space    used 11034K, committed 11328K, reserved 1048576K
}
Event: 70.926 GC heap after
{Heap after GC invocations=40 (full 0):
 garbage-first heap   total 181248K, used 106536K [0x0000000080000000, 0x0000000100000000)
  region size 1024K, 1 young (1024K), 1 survivors (1024K)
 Metaspace       used 80570K, committed 81216K, reserved 1179648K
  class space    used 11034K, committed 11328K, reserved 1048576K
}

